20/5/2024--1:37:44
Name of added ingredient: Kiwi20/5/2024--1:40:10
Name of added ingredient: BlueBerry20/5/2024--1:40:11
Name of added ingredient: Banana20/5/2024--1:40:12
Name of added ingredient: Apple20/5/2024--1:52:51
Name of added ingredient: Banana
20/5/2024--1:52:51
Blender:{capacity:1500.0 ,Ingredients are:[Banana ,]}
Cocktail
Calories: 88.0 Cal.
Volume: 100.0 ml.
Color in RGB: (255, 252, 151)
___________________________________________________________
20/5/2024--1:52:51
Name of added ingredient: Apple
20/5/2024--1:52:51
Blender:{capacity:1500.0 ,Ingredients are:[Banana ,Apple ,]}
Cocktail
Calories: 140.0 Cal.
Volume: 200.0 ml.
Color in RGB: (178, 228, 101)
___________________________________________________________
20/5/2024--1:52:51
Name of added ingredient: Strawberry
20/5/2024--1:52:51
Blender:{capacity:1500.0 ,Ingredients are:[Banana ,Apple ,Strawberry ,]}
Cocktail
Calories: 173.0 Cal.
Volume: 300.0 ml.
Color in RGB: (203, 142, 79)
___________________________________________________________
20/5/2024--1:52:51
Name of added ingredient: Kiwi
20/5/2024--1:52:51
Blender:{capacity:1500.0 ,Ingredients are:[Banana ,Apple ,Strawberry ,Kiwi ,]}
Cocktail
Calories: 234.0 Cal.
Volume: 400.0 ml.
Color in RGB: (150, 156, 84)
___________________________________________________________
20/5/2024--1:58:43
Name of added ingredient: BlueBerry
20/5/2024--1:58:43
Name of added ingredient: Banana
20/5/2024--1:58:43
Name of added ingredient: Kiwi
20/5/2024--1:58:43
Blender:{capacity:1500.0 ,Ingredients are:[BlueBerry ,Banana ,Kiwi ,]}
Cocktail
Calories: 229.0 Cal.
Volume: 300.0 ml.
Color in RGB: (144, 180, 106)
___________________________________________________________
20/5/2024--2:15:1
Name of added ingredient: BlueBerry
___________________________________________________________
20/5/2024--2:15:1
Blender
Capacity: 1500.0ml.
Ingredients are: [BlueBerry ,]

Cocktail
Calories: 80.0 Cal.
Volume: 100.0 ml.
Color in RGB: (127, 125, 194)
___________________________________________________________
20/5/2024--2:15:1
Name of added ingredient: Banana
___________________________________________________________
20/5/2024--2:15:1
Blender
Capacity: 1500.0ml.
Ingredients are: [BlueBerry ,Banana ,]

Cocktail
Calories: 168.0 Cal.
Volume: 200.0 ml.
Color in RGB: (191, 190, 123)
___________________________________________________________
20/5/2024--2:15:1
Name of added ingredient: Apple
___________________________________________________________
20/5/2024--2:15:1
Blender
Capacity: 1500.0ml.
Ingredients are: [BlueBerry ,Banana ,Apple ,]

Cocktail
Calories: 220.0 Cal.
Volume: 300.0 ml.
Color in RGB: (146, 197, 87)
___________________________________________________________
20/5/2024--2:15:1
Name of added ingredient: Sugar
___________________________________________________________
20/5/2024--2:15:1
Blender
Capacity: 1500.0ml.
Ingredients are: [BlueBerry ,Banana ,Apple ,Sugar ,]

Cocktail
Calories: 606.0 Cal.
Volume: 400.0 ml.
Color in RGB: (200, 223, 168)
___________________________________________________________
20/5/2024--2:15:1
Name of added ingredient: Milk
___________________________________________________________
20/5/2024--2:15:1
Blender
Capacity: 1500.0ml.
Ingredients are: [BlueBerry ,Banana ,Apple ,Sugar ,Milk ,]

Cocktail
Calories: 648.0 Cal.
Volume: 500.0 ml.
Color in RGB: (227, 239, 211)
___________________________________________________________
20/5/2024--2:15:57
Cups
Number of full cups: 3 Cups.
Cup capacity: 150 ml.
Calories in each cup: 194.4 Cal.
___________________________________________________________
20/5/2024--2:24:58
Name of added ingredient: BlueBerry
___________________________________________________________
20/5/2024--2:24:58
Blender
Capacity: 1500.0ml.
Ingredients are: [BlueBerry ,]

Cocktail
Calories: 80.0 Cal.
Volume: 100.0 ml.
Color in RGB: (127, 125, 194)
___________________________________________________________
20/5/2024--2:24:58
Name of added ingredient: Banana
___________________________________________________________
20/5/2024--2:24:58
Blender
Capacity: 1500.0ml.
Ingredients are: [BlueBerry ,Banana ,]

Cocktail
Calories: 168.0 Cal.
Volume: 200.0 ml.
Color in RGB: (191, 190, 123)
___________________________________________________________
20/5/2024--2:24:58
Name of added ingredient: Apple
___________________________________________________________
20/5/2024--2:24:58
Blender
Capacity: 1500.0ml.
Ingredients are: [BlueBerry ,Banana ,Apple ,]

Cocktail
Calories: 220.0 Cal.
Volume: 300.0 ml.
Color in RGB: (146, 197, 87)
___________________________________________________________
20/5/2024--2:24:58
Name of added ingredient: Strawberry
___________________________________________________________
20/5/2024--2:24:58
Blender
Capacity: 1500.0ml.
Ingredients are: [BlueBerry ,Banana ,Apple ,Strawberry ,]

Cocktail
Calories: 253.0 Cal.
Volume: 400.0 ml.
Color in RGB: (187, 127, 72)
___________________________________________________________
20/5/2024--2:25:7
Cups
Number of full cups: 2 Cups.
Cup capacity: 150 ml.
Calories in each cup: 94.875 Cal.
___________________________________________________________
20/5/2024--2:24:58
Clear
Blender
Capacity: 1500.0ml.
Ingredients are: []

Cocktail
Calories: 0.0 Cal.
Volume: 0.0 ml.
Color in RGB: (255, 250, 250)
___________________________________________________________
20/5/2024--2:31:20
Name of added ingredient: Apple
___________________________________________________________
20/5/2024--2:31:20
Blender
Capacity: 1500.0ml.
Ingredients are: [Apple ,]

Cocktail
Calories: 52.0 Cal.
Volume: 100.0 ml.
Color in RGB: (178, 227, 150)
___________________________________________________________
20/5/2024--2:31:20
Name of added ingredient: Apple
___________________________________________________________
20/5/2024--2:31:20
Blender
Capacity: 1500.0ml.
Ingredients are: [Apple ,Apple ,]

Cocktail
Calories: 104.0 Cal.
Volume: 200.0 ml.
Color in RGB: (140, 215, 100)
___________________________________________________________
20/5/2024--2:31:20
Name of added ingredient: Apple
___________________________________________________________
20/5/2024--2:31:20
Blender
Capacity: 1500.0ml.
Ingredients are: [Apple ,Apple ,Apple ,]

Cocktail
Calories: 156.0 Cal.
Volume: 300.0 ml.
Color in RGB: (121, 209, 75)
___________________________________________________________
20/5/2024--2:31:20
Name of added ingredient: Apple
___________________________________________________________
20/5/2024--2:31:20
Blender
Capacity: 1500.0ml.
Ingredients are: [Apple ,Apple ,Apple ,Apple ,]

Cocktail
Calories: 208.0 Cal.
Volume: 400.0 ml.
Color in RGB: (111, 206, 63)
___________________________________________________________
20/5/2024--2:31:20
Name of added ingredient: Apple
___________________________________________________________
20/5/2024--2:31:20
Blender
Capacity: 1500.0ml.
Ingredients are: [Apple ,Apple ,Apple ,Apple ,Apple ,]

Cocktail
Calories: 260.0 Cal.
Volume: 500.0 ml.
Color in RGB: (106, 205, 57)
___________________________________________________________
20/5/2024--2:31:20
Name of added ingredient: Apple
___________________________________________________________
20/5/2024--2:31:20
Blender
Capacity: 1500.0ml.
Ingredients are: [Apple ,Apple ,Apple ,Apple ,Apple ,Apple ,]

Cocktail
Calories: 312.0 Cal.
Volume: 600.0 ml.
Color in RGB: (104, 204, 54)
___________________________________________________________
20/5/2024--2:31:20
Name of added ingredient: Apple
___________________________________________________________
20/5/2024--2:31:20
Blender
Capacity: 1500.0ml.
Ingredients are: [Apple ,Apple ,Apple ,Apple ,Apple ,Apple ,Apple ,]

Cocktail
Calories: 364.0 Cal.
Volume: 700.0 ml.
Color in RGB: (103, 204, 52)
___________________________________________________________
20/5/2024--2:31:20
Name of added ingredient: Apple
___________________________________________________________
20/5/2024--2:31:20
Blender
Capacity: 1500.0ml.
Ingredients are: [Apple ,Apple ,Apple ,Apple ,Apple ,Apple ,Apple ,Apple ,]

Cocktail
Calories: 416.0 Cal.
Volume: 800.0 ml.
Color in RGB: (102, 204, 51)
___________________________________________________________
20/5/2024--2:31:20
Name of added ingredient: Apple
___________________________________________________________
20/5/2024--2:31:20
Blender
Capacity: 1500.0ml.
Ingredients are: [Apple ,Apple ,Apple ,Apple ,Apple ,Apple ,Apple ,Apple ,Apple ,]

Cocktail
Calories: 468.0 Cal.
Volume: 900.0 ml.
Color in RGB: (102, 204, 51)
___________________________________________________________
20/5/2024--2:31:20
Name of added ingredient: Apple
___________________________________________________________
20/5/2024--2:31:20
Blender
Capacity: 1500.0ml.
Ingredients are: [Apple ,Apple ,Apple ,Apple ,Apple ,Apple ,Apple ,Apple ,Apple ,Apple ,]

Cocktail
Calories: 520.0 Cal.
Volume: 1000.0 ml.
Color in RGB: (102, 204, 51)
___________________________________________________________
20/5/2024--2:31:20
Name of added ingredient: Apple
___________________________________________________________
20/5/2024--2:31:20
Blender
Capacity: 1500.0ml.
Ingredients are: [Apple ,Apple ,Apple ,Apple ,Apple ,Apple ,Apple ,Apple ,Apple ,Apple ,Apple ,]

Cocktail
Calories: 572.0 Cal.
Volume: 1100.0 ml.
Color in RGB: (102, 204, 51)
___________________________________________________________
20/5/2024--2:31:20
Name of added ingredient: Apple
___________________________________________________________
20/5/2024--2:31:20
Blender
Capacity: 1500.0ml.
Ingredients are: [Apple ,Apple ,Apple ,Apple ,Apple ,Apple ,Apple ,Apple ,Apple ,Apple ,Apple ,Apple ,]

Cocktail
Calories: 624.0 Cal.
Volume: 1200.0 ml.
Color in RGB: (102, 204, 51)
___________________________________________________________
20/5/2024--2:31:20
Name of added ingredient: Apple
___________________________________________________________
20/5/2024--2:31:20
Blender
Capacity: 1500.0ml.
Ingredients are: [Apple ,Apple ,Apple ,Apple ,Apple ,Apple ,Apple ,Apple ,Apple ,Apple ,Apple ,Apple ,Apple ,]

Cocktail
Calories: 676.0 Cal.
Volume: 1300.0 ml.
Color in RGB: (102, 204, 51)
___________________________________________________________
20/5/2024--2:31:20
Name of added ingredient: Apple
___________________________________________________________
20/5/2024--2:31:20
Blender
Capacity: 1500.0ml.
Ingredients are: [Apple ,Apple ,Apple ,Apple ,Apple ,Apple ,Apple ,Apple ,Apple ,Apple ,Apple ,Apple ,Apple ,Apple ,]

Cocktail
Calories: 728.0 Cal.
Volume: 1400.0 ml.
Color in RGB: (102, 204, 51)
___________________________________________________________
20/5/2024--2:31:20
Name of added ingredient: Apple
___________________________________________________________
20/5/2024--2:31:20
Blender
Capacity: 1500.0ml.
Ingredients are: [Apple ,Apple ,Apple ,Apple ,Apple ,Apple ,Apple ,Apple ,Apple ,Apple ,Apple ,Apple ,Apple ,Apple ,Apple ,]

Cocktail
Calories: 780.0 Cal.
Volume: 1500.0 ml.
Color in RGB: (102, 204, 51)
___________________________________________________________
20/5/2024--2:31:20
Blender OverFLow!!
20/5/2024--2:33:44
Blender is Empty!!
20/5/2024--2:35:56
Name of added ingredient: BlueBerry
___________________________________________________________
20/5/2024--2:35:56
Blender
Capacity: 1500.0ml.
Ingredients are: [BlueBerry ,]

Cocktail
Calories: 80.0 Cal.
Volume: 100.0 ml.
Color in RGB: (127, 125, 194)
___________________________________________________________
20/5/2024--2:35:56
Name of added ingredient: Banana
___________________________________________________________
20/5/2024--2:35:56
Blender
Capacity: 1500.0ml.
Ingredients are: [BlueBerry ,Banana ,]

Cocktail
Calories: 168.0 Cal.
Volume: 200.0 ml.
Color in RGB: (191, 190, 123)
___________________________________________________________
20/5/2024--2:35:56
Name of added ingredient: Apple
___________________________________________________________
20/5/2024--2:35:56
Blender
Capacity: 1500.0ml.
Ingredients are: [BlueBerry ,Banana ,Apple ,]

Cocktail
Calories: 220.0 Cal.
Volume: 300.0 ml.
Color in RGB: (146, 197, 87)
___________________________________________________________
20/5/2024--2:35:56
Name of added ingredient: Sugar
___________________________________________________________
20/5/2024--2:35:56
Blender
Capacity: 1500.0ml.
Ingredients are: [BlueBerry ,Banana ,Apple ,Sugar ,]

Cocktail
Calories: 606.0 Cal.
Volume: 400.0 ml.
Color in RGB: (200, 223, 168)
___________________________________________________________
20/5/2024--2:35:56
Name of added ingredient: Mango
___________________________________________________________
20/5/2024--2:35:56
Blender
Capacity: 1500.0ml.
Ingredients are: [BlueBerry ,Banana ,Apple ,Sugar ,Mango ,]

Cocktail
Calories: 666.0 Cal.
Volume: 500.0 ml.
Color in RGB: (227, 213, 84)
___________________________________________________________
20/5/2024--2:36:6
Cups
Number of full cups: 3 Cups.
Cup capacity: 150 ml.
Calories in each cup: 199.8 Cal.
___________________________________________________________
___________________________________________________________
20/5/2024--2:35:56
Clear
Blender
Capacity: 1500.0ml.
Ingredients are: []

Cocktail
Calories: 0.0 Cal.
Volume: 0.0 ml.
Color in RGB: (255, 250, 250)
___________________________________________________________
20/5/2024--2:36:12
Blender is Empty!!
___________________________________________________________
20/5/2024--2:52:12
Name of added ingredient: BlueBerry
___________________________________________________________
20/5/2024--2:52:12
Blender
Capacity: 1500.0ml.
Ingredients are: [BlueBerry ,]

Cocktail
Calories: 80.0 Cal.
Volume: 100.0 ml.
Color in RGB: (127, 125, 194)
___________________________________________________________
20/5/2024--2:52:12
Name of added ingredient: Banana
___________________________________________________________
20/5/2024--2:52:12
Blender
Capacity: 1500.0ml.
Ingredients are: [BlueBerry ,Banana ,]

Cocktail
Calories: 168.0 Cal.
Volume: 200.0 ml.
Color in RGB: (191, 190, 123)
___________________________________________________________
20/5/2024--2:52:12
Name of added ingredient: Apple
___________________________________________________________
20/5/2024--2:52:12
Blender
Capacity: 1500.0ml.
Ingredients are: [BlueBerry ,Banana ,Apple ,]

Cocktail
Calories: 220.0 Cal.
Volume: 300.0 ml.
Color in RGB: (146, 197, 87)
___________________________________________________________
20/5/2024--2:52:12
Name of added ingredient: Apple
___________________________________________________________
20/5/2024--2:52:12
Blender
Capacity: 1500.0ml.
Ingredients are: [BlueBerry ,Banana ,Apple ,Apple ,]

Cocktail
Calories: 272.0 Cal.
Volume: 400.0 ml.
Color in RGB: (124, 200, 69)
___________________________________________________________
20/5/2024--2:52:12
Name of added ingredient: Apple
___________________________________________________________
20/5/2024--2:52:12
Blender
Capacity: 1500.0ml.
Ingredients are: [BlueBerry ,Banana ,Apple ,Apple ,Apple ,]

Cocktail
Calories: 324.0 Cal.
Volume: 500.0 ml.
Color in RGB: (113, 202, 60)
___________________________________________________________
20/5/2024--2:52:12
Name of added ingredient: Apple
___________________________________________________________
20/5/2024--2:52:12
Blender
Capacity: 1500.0ml.
Ingredients are: [BlueBerry ,Banana ,Apple ,Apple ,Apple ,Apple ,]

Cocktail
Calories: 376.0 Cal.
Volume: 600.0 ml.
Color in RGB: (107, 203, 55)
___________________________________________________________
20/5/2024--2:52:12
Name of added ingredient: Apple
___________________________________________________________
20/5/2024--2:52:12
Blender
Capacity: 1500.0ml.
Ingredients are: [BlueBerry ,Banana ,Apple ,Apple ,Apple ,Apple ,Apple ,]

Cocktail
Calories: 428.0 Cal.
Volume: 700.0 ml.
Color in RGB: (104, 203, 53)
___________________________________________________________
20/5/2024--2:52:12
Name of added ingredient: Apple
___________________________________________________________
20/5/2024--2:52:12
Blender
Capacity: 1500.0ml.
Ingredients are: [BlueBerry ,Banana ,Apple ,Apple ,Apple ,Apple ,Apple ,Apple ,]

Cocktail
Calories: 480.0 Cal.
Volume: 800.0 ml.
Color in RGB: (103, 203, 52)
___________________________________________________________
20/5/2024--2:52:12
Name of added ingredient: Apple
___________________________________________________________
20/5/2024--2:52:12
Blender
Capacity: 1500.0ml.
Ingredients are: [BlueBerry ,Banana ,Apple ,Apple ,Apple ,Apple ,Apple ,Apple ,Apple ,]

Cocktail
Calories: 532.0 Cal.
Volume: 900.0 ml.
Color in RGB: (102, 203, 51)
___________________________________________________________
20/5/2024--2:52:12
Name of added ingredient: Apple
___________________________________________________________
20/5/2024--2:52:12
Blender
Capacity: 1500.0ml.
Ingredients are: [BlueBerry ,Banana ,Apple ,Apple ,Apple ,Apple ,Apple ,Apple ,Apple ,Apple ,]

Cocktail
Calories: 584.0 Cal.
Volume: 1000.0 ml.
Color in RGB: (102, 203, 51)
___________________________________________________________
20/5/2024--2:52:12
Name of added ingredient: Apple
___________________________________________________________
20/5/2024--2:52:12
Blender
Capacity: 1500.0ml.
Ingredients are: [BlueBerry ,Banana ,Apple ,Apple ,Apple ,Apple ,Apple ,Apple ,Apple ,Apple ,Apple ,]

Cocktail
Calories: 636.0 Cal.
Volume: 1100.0 ml.
Color in RGB: (102, 203, 51)
___________________________________________________________
20/5/2024--2:52:12
Name of added ingredient: Apple
___________________________________________________________
20/5/2024--2:52:12
Blender
Capacity: 1500.0ml.
Ingredients are: [BlueBerry ,Banana ,Apple ,Apple ,Apple ,Apple ,Apple ,Apple ,Apple ,Apple ,Apple ,Apple ,]

Cocktail
Calories: 688.0 Cal.
Volume: 1200.0 ml.
Color in RGB: (102, 203, 51)
___________________________________________________________
20/5/2024--2:52:12
Name of added ingredient: Apple
___________________________________________________________
20/5/2024--2:52:12
Blender
Capacity: 1500.0ml.
Ingredients are: [BlueBerry ,Banana ,Apple ,Apple ,Apple ,Apple ,Apple ,Apple ,Apple ,Apple ,Apple ,Apple ,Apple ,]

Cocktail
Calories: 740.0 Cal.
Volume: 1300.0 ml.
Color in RGB: (102, 203, 51)
___________________________________________________________
20/5/2024--2:52:12
Name of added ingredient: Apple
___________________________________________________________
20/5/2024--2:52:12
Blender
Capacity: 1500.0ml.
Ingredients are: [BlueBerry ,Banana ,Apple ,Apple ,Apple ,Apple ,Apple ,Apple ,Apple ,Apple ,Apple ,Apple ,Apple ,Apple ,]

Cocktail
Calories: 792.0 Cal.
Volume: 1400.0 ml.
Color in RGB: (102, 203, 51)
___________________________________________________________
20/5/2024--2:52:12
Name of added ingredient: Apple
___________________________________________________________
20/5/2024--2:52:12
Blender
Capacity: 1500.0ml.
Ingredients are: [BlueBerry ,Banana ,Apple ,Apple ,Apple ,Apple ,Apple ,Apple ,Apple ,Apple ,Apple ,Apple ,Apple ,Apple ,Apple ,]

Cocktail
Calories: 844.0 Cal.
Volume: 1500.0 ml.
Color in RGB: (102, 203, 51)
___________________________________________________________
20/5/2024--2:52:12
Blender OverFLow!!
___________________________________________________________
20/5/2024--2:52:22
Cups
Number of full cups: 10 Cups.
Cup capacity: 150 ml.
Calories in each cup: 84.4 Cal.
___________________________________________________________
20/5/2024--2:52:12
Clear
Blender
Capacity: 1500.0ml.
Ingredients are: []

Cocktail
Calories: 0.0 Cal.
Volume: 0.0 ml.
Color in RGB: (255, 250, 250)
___________________________________________________________
20/5/2024--2:52:31
Blender is Empty!!
___________________________________________________________
20/5/2024--2:58:11
Name of added ingredient: BlueBerry
___________________________________________________________
20/5/2024--2:58:11
Blender
Capacity: 1500.0ml.
Ingredients are: [BlueBerry ,]

Cocktail
Calories: 80 Cal.
Volume: 100.0 ml.
Color in RGB: (127, 125, 194)
___________________________________________________________
20/5/2024--2:58:11
Name of added ingredient: Banana
___________________________________________________________
20/5/2024--2:58:11
Blender
Capacity: 1500.0ml.
Ingredients are: [BlueBerry ,Banana ,]

Cocktail
Calories: 168 Cal.
Volume: 200.0 ml.
Color in RGB: (191, 190, 123)
___________________________________________________________
20/5/2024--2:58:11
Name of added ingredient: Kiwi
___________________________________________________________
20/5/2024--2:58:11
Blender
Capacity: 1500.0ml.
Ingredients are: [BlueBerry ,Banana ,Kiwi ,]

Cocktail
Calories: 229 Cal.
Volume: 300.0 ml.
Color in RGB: (144, 180, 106)
___________________________________________________________
20/5/2024--2:58:11
Name of added ingredient: Strawberry
___________________________________________________________
20/5/2024--2:58:11
Blender
Capacity: 1500.0ml.
Ingredients are: [BlueBerry ,Banana ,Kiwi ,Strawberry ,]

Cocktail
Calories: 262 Cal.
Volume: 400.0 ml.
Color in RGB: (186, 118, 81)
___________________________________________________________
20/5/2024--2:59:19
Cups
Number of full cups: 2 Cups.
Cup capacity: 150 ml.
Calories in each cup: 98 Cal.
___________________________________________________________
20/5/2024--2:58:11
Clear
Blender
Capacity: 1500.0ml.
Ingredients are: []

Cocktail
Calories: 0 Cal.
Volume: 0.0 ml.
Color in RGB: (255, 250, 250)
___________________________________________________________
20/5/2024--2:58:11
Name of added ingredient: Strawberry
___________________________________________________________
20/5/2024--2:58:11
Blender
Capacity: 1500.0ml.
Ingredients are: [Strawberry ,]

Cocktail
Calories: 33 Cal.
Volume: 100.0 ml.
Color in RGB: (242, 153, 153)
___________________________________________________________
20/5/2024--2:58:11
Name of added ingredient: Kiwi
___________________________________________________________
20/5/2024--2:58:11
Blender
Capacity: 1500.0ml.
Ingredients are: [Strawberry ,Kiwi ,]

Cocktail
Calories: 94 Cal.
Volume: 200.0 ml.
Color in RGB: (169, 162, 121)
___________________________________________________________
20/5/2024--2:58:11
Name of added ingredient: Mango
___________________________________________________________
20/5/2024--2:58:11
Blender
Capacity: 1500.0ml.
Ingredients are: [Strawberry ,Kiwi ,Mango ,]

Cocktail
Calories: 154 Cal.
Volume: 300.0 ml.
Color in RGB: (212, 183, 60)
___________________________________________________________
20/5/2024--2:58:11
Name of added ingredient: BlueBerry
___________________________________________________________
20/5/2024--2:58:11
Blender
Capacity: 1500.0ml.
Ingredients are: [Strawberry ,Kiwi ,Mango ,BlueBerry ,]

Cocktail
Calories: 234 Cal.
Volume: 400.0 ml.
Color in RGB: (106, 91, 99)
___________________________________________________________
20/5/2024--2:58:11
Name of added ingredient: Banana
___________________________________________________________
20/5/2024--2:58:11
Blender
Capacity: 1500.0ml.
Ingredients are: [Strawberry ,Kiwi ,Mango ,BlueBerry ,Banana ,]

Cocktail
Calories: 322 Cal.
Volume: 500.0 ml.
Color in RGB: (180, 173, 76)
___________________________________________________________
20/5/2024--2:58:11
Name of added ingredient: Apple
___________________________________________________________
20/5/2024--2:58:11
Blender
Capacity: 1500.0ml.
Ingredients are: [Strawberry ,Kiwi ,Mango ,BlueBerry ,Banana ,Apple ,]

Cocktail
Calories: 374 Cal.
Volume: 600.0 ml.
Color in RGB: (141, 188, 63)
___________________________________________________________
